0 info it worked if it ends with ok
1 verbose cli [ 'C:\\Program Files\\nodejs\\\\node.exe',
1 verbose cli   'C:\\Program Files\\nodejs\\node_modules\\npm\\bin\\npm-cli.js',
1 verbose cli   'install' ]
2 info using npm@1.4.28
3 info using node@v0.10.36
4 verbose node symlink C:\Program Files\nodejs\\node.exe
5 warn package.json node-todo@0.0.0 No repository field.
6 warn package.json node-todo@0.0.0 No README data
7 verbose readDependencies using package.json deps
8 verbose install where, deps [ 'C:\\Users\\habarbosa\\Documents\\Coding\\GitHub\\helcioajr.github.io\\MEAN-stack\\single-page-todo-using-mean',
8 verbose install   [ 'express',
8 verbose install     'mongoose',
8 verbose install     'morgan',
8 verbose install     'body-parser',
8 verbose install     'method-overrride' ] ]
9 info preinstall node-todo@0.0.0
10 verbose readDependencies using package.json deps
11 verbose cache add [ 'express@~4.7.2', null ]
12 verbose cache add name=undefined spec="express@~4.7.2" args=["express@~4.7.2",null]
13 verbose parsed url { protocol: null,
13 verbose parsed url   slashes: null,
13 verbose parsed url   auth: null,
13 verbose parsed url   host: null,
13 verbose parsed url   port: null,
13 verbose parsed url   hostname: null,
13 verbose parsed url   hash: null,
13 verbose parsed url   search: null,
13 verbose parsed url   query: null,
13 verbose parsed url   pathname: 'express@~4.7.2',
13 verbose parsed url   path: 'express@~4.7.2',
13 verbose parsed url   href: 'express@~4.7.2' }
14 verbose cache add [ 'mongoose@~3.6.2', null ]
15 verbose cache add name=undefined spec="mongoose@~3.6.2" args=["mongoose@~3.6.2",null]
16 verbose parsed url { protocol: null,
16 verbose parsed url   slashes: null,
16 verbose parsed url   auth: null,
16 verbose parsed url   host: null,
16 verbose parsed url   port: null,
16 verbose parsed url   hostname: null,
16 verbose parsed url   hash: null,
16 verbose parsed url   search: null,
16 verbose parsed url   query: null,
16 verbose parsed url   pathname: 'mongoose@~3.6.2',
16 verbose parsed url   path: 'mongoose@~3.6.2',
16 verbose parsed url   href: 'mongoose@~3.6.2' }
17 verbose cache add [ 'morgan@~1.2.2', null ]
18 verbose cache add name=undefined spec="morgan@~1.2.2" args=["morgan@~1.2.2",null]
19 verbose parsed url { protocol: null,
19 verbose parsed url   slashes: null,
19 verbose parsed url   auth: null,
19 verbose parsed url   host: null,
19 verbose parsed url   port: null,
19 verbose parsed url   hostname: null,
19 verbose parsed url   hash: null,
19 verbose parsed url   search: null,
19 verbose parsed url   query: null,
19 verbose parsed url   pathname: 'morgan@~1.2.2',
19 verbose parsed url   path: 'morgan@~1.2.2',
19 verbose parsed url   href: 'morgan@~1.2.2' }
20 verbose cache add [ 'body-parser@~1.5.2', null ]
21 verbose cache add name=undefined spec="body-parser@~1.5.2" args=["body-parser@~1.5.2",null]
22 verbose parsed url { protocol: null,
22 verbose parsed url   slashes: null,
22 verbose parsed url   auth: null,
22 verbose parsed url   host: null,
22 verbose parsed url   port: null,
22 verbose parsed url   hostname: null,
22 verbose parsed url   hash: null,
22 verbose parsed url   search: null,
22 verbose parsed url   query: null,
22 verbose parsed url   pathname: 'body-parser@~1.5.2',
22 verbose parsed url   path: 'body-parser@~1.5.2',
22 verbose parsed url   href: 'body-parser@~1.5.2' }
23 verbose cache add [ 'method-overrride@~2.1.2', null ]
24 verbose cache add name=undefined spec="method-overrride@~2.1.2" args=["method-overrride@~2.1.2",null]
25 verbose parsed url { protocol: null,
25 verbose parsed url   slashes: null,
25 verbose parsed url   auth: null,
25 verbose parsed url   host: null,
25 verbose parsed url   port: null,
25 verbose parsed url   hostname: null,
25 verbose parsed url   hash: null,
25 verbose parsed url   search: null,
25 verbose parsed url   query: null,
25 verbose parsed url   pathname: 'method-overrride@~2.1.2',
25 verbose parsed url   path: 'method-overrride@~2.1.2',
25 verbose parsed url   href: 'method-overrride@~2.1.2' }
26 verbose cache add name="express" spec="~4.7.2" args=["express","~4.7.2"]
27 verbose parsed url { protocol: null,
27 verbose parsed url   slashes: null,
27 verbose parsed url   auth: null,
27 verbose parsed url   host: null,
27 verbose parsed url   port: null,
27 verbose parsed url   hostname: null,
27 verbose parsed url   hash: null,
27 verbose parsed url   search: null,
27 verbose parsed url   query: null,
27 verbose parsed url   pathname: '~4.7.2',
27 verbose parsed url   path: '~4.7.2',
27 verbose parsed url   href: '~4.7.2' }
28 verbose addNamed [ 'express', '~4.7.2' ]
29 verbose addNamed [ null, '>=4.7.2-0 <4.8.0-0' ]
30 verbose cache add name="mongoose" spec="~3.6.2" args=["mongoose","~3.6.2"]
31 verbose parsed url { protocol: null,
31 verbose parsed url   slashes: null,
31 verbose parsed url   auth: null,
31 verbose parsed url   host: null,
31 verbose parsed url   port: null,
31 verbose parsed url   hostname: null,
31 verbose parsed url   hash: null,
31 verbose parsed url   search: null,
31 verbose parsed url   query: null,
31 verbose parsed url   pathname: '~3.6.2',
31 verbose parsed url   path: '~3.6.2',
31 verbose parsed url   href: '~3.6.2' }
32 verbose addNamed [ 'mongoose', '~3.6.2' ]
33 verbose addNamed [ null, '>=3.6.2-0 <3.7.0-0' ]
34 verbose cache add name="morgan" spec="~1.2.2" args=["morgan","~1.2.2"]
35 verbose parsed url { protocol: null,
35 verbose parsed url   slashes: null,
35 verbose parsed url   auth: null,
35 verbose parsed url   host: null,
35 verbose parsed url   port: null,
35 verbose parsed url   hostname: null,
35 verbose parsed url   hash: null,
35 verbose parsed url   search: null,
35 verbose parsed url   query: null,
35 verbose parsed url   pathname: '~1.2.2',
35 verbose parsed url   path: '~1.2.2',
35 verbose parsed url   href: '~1.2.2' }
36 verbose addNamed [ 'morgan', '~1.2.2' ]
37 verbose addNamed [ null, '>=1.2.2-0 <1.3.0-0' ]
38 verbose cache add name="body-parser" spec="~1.5.2" args=["body-parser","~1.5.2"]
39 verbose parsed url { protocol: null,
39 verbose parsed url   slashes: null,
39 verbose parsed url   auth: null,
39 verbose parsed url   host: null,
39 verbose parsed url   port: null,
39 verbose parsed url   hostname: null,
39 verbose parsed url   hash: null,
39 verbose parsed url   search: null,
39 verbose parsed url   query: null,
39 verbose parsed url   pathname: '~1.5.2',
39 verbose parsed url   path: '~1.5.2',
39 verbose parsed url   href: '~1.5.2' }
40 verbose addNamed [ 'body-parser', '~1.5.2' ]
41 verbose addNamed [ null, '>=1.5.2-0 <1.6.0-0' ]
42 verbose cache add name="method-overrride" spec="~2.1.2" args=["method-overrride","~2.1.2"]
43 verbose parsed url { protocol: null,
43 verbose parsed url   slashes: null,
43 verbose parsed url   auth: null,
43 verbose parsed url   host: null,
43 verbose parsed url   port: null,
43 verbose parsed url   hostname: null,
43 verbose parsed url   hash: null,
43 verbose parsed url   search: null,
43 verbose parsed url   query: null,
43 verbose parsed url   pathname: '~2.1.2',
43 verbose parsed url   path: '~2.1.2',
43 verbose parsed url   href: '~2.1.2' }
44 verbose addNamed [ 'method-overrride', '~2.1.2' ]
45 verbose addNamed [ null, '>=2.1.2-0 <2.2.0-0' ]
46 silly lockFile ef4e1f61-express-4-7-2 express@~4.7.2
47 verbose lock express@~4.7.2 C:\Users\habarbosa\AppData\Roaming\npm-cache\ef4e1f61-express-4-7-2.lock
48 silly lockFile 96ad86c1-mongoose-3-6-2 mongoose@~3.6.2
49 verbose lock mongoose@~3.6.2 C:\Users\habarbosa\AppData\Roaming\npm-cache\96ad86c1-mongoose-3-6-2.lock
50 silly lockFile 8a9f8c6a-morgan-1-2-2 morgan@~1.2.2
51 verbose lock morgan@~1.2.2 C:\Users\habarbosa\AppData\Roaming\npm-cache\8a9f8c6a-morgan-1-2-2.lock
52 silly lockFile c3717280-body-parser-1-5-2 body-parser@~1.5.2
53 verbose lock body-parser@~1.5.2 C:\Users\habarbosa\AppData\Roaming\npm-cache\c3717280-body-parser-1-5-2.lock
54 silly lockFile dc4f304e-method-overrride-2-1-2 method-overrride@~2.1.2
55 verbose lock method-overrride@~2.1.2 C:\Users\habarbosa\AppData\Roaming\npm-cache\dc4f304e-method-overrride-2-1-2.lock
56 silly addNameRange { name: 'express', range: '>=4.7.2-0 <4.8.0-0', hasData: false }
57 silly addNameRange { name: 'mongoose', range: '>=3.6.2-0 <3.7.0-0', hasData: false }
58 silly addNameRange { name: 'body-parser',
58 silly addNameRange   range: '>=1.5.2-0 <1.6.0-0',
58 silly addNameRange   hasData: false }
59 silly addNameRange { name: 'morgan', range: '>=1.2.2-0 <1.3.0-0', hasData: false }
60 silly addNameRange { name: 'method-overrride',
60 silly addNameRange   range: '>=2.1.2-0 <2.2.0-0',
60 silly addNameRange   hasData: false }
61 verbose request where is /method-overrride
62 verbose request registry https://registry.npmjs.org/
63 verbose request id 4958c4709da33726
64 verbose url raw /method-overrride
65 verbose url resolving [ 'https://registry.npmjs.org/', './method-overrride' ]
66 verbose url resolved https://registry.npmjs.org/method-overrride
67 verbose request where is https://registry.npmjs.org/method-overrride
68 info trying registry request attempt 1 at 11:17:12
69 http GET https://registry.npmjs.org/method-overrride
70 verbose request where is /express
71 verbose request registry https://registry.npmjs.org/
72 verbose url raw /express
73 verbose url resolving [ 'https://registry.npmjs.org/', './express' ]
74 verbose url resolved https://registry.npmjs.org/express
75 verbose request where is https://registry.npmjs.org/express
76 info trying registry request attempt 1 at 11:17:12
77 verbose etag "17SOJMJBZN6ZDY6VZBV6B39JP"
78 http GET https://registry.npmjs.org/express
79 verbose request where is /morgan
80 verbose request registry https://registry.npmjs.org/
81 verbose url raw /morgan
82 verbose url resolving [ 'https://registry.npmjs.org/', './morgan' ]
83 verbose url resolved https://registry.npmjs.org/morgan
84 verbose request where is https://registry.npmjs.org/morgan
85 info trying registry request attempt 1 at 11:17:12
86 verbose etag "325GFNQEFFZCSU6C6XQB710I"
87 http GET https://registry.npmjs.org/morgan
88 verbose request where is /mongoose
89 verbose request registry https://registry.npmjs.org/
90 verbose url raw /mongoose
91 verbose url resolving [ 'https://registry.npmjs.org/', './mongoose' ]
92 verbose url resolved https://registry.npmjs.org/mongoose
93 verbose request where is https://registry.npmjs.org/mongoose
94 info trying registry request attempt 1 at 11:17:12
95 verbose etag "8SNSV2L6E5NX61OCQNYSKATP8"
96 http GET https://registry.npmjs.org/mongoose
97 verbose request where is /body-parser
98 verbose request registry https://registry.npmjs.org/
99 verbose url raw /body-parser
100 verbose url resolving [ 'https://registry.npmjs.org/', './body-parser' ]
101 verbose url resolved https://registry.npmjs.org/body-parser
102 verbose request where is https://registry.npmjs.org/body-parser
103 info trying registry request attempt 1 at 11:17:12
104 verbose etag "6BZK1V92C82J9ZJBP2W2B169A"
105 http GET https://registry.npmjs.org/body-parser
106 http 304 https://registry.npmjs.org/express
107 silly registry.get cb [ 304,
107 silly registry.get   { date: 'Wed, 08 Apr 2015 14:17:13 GMT',
107 silly registry.get     server: 'Apache',
107 silly registry.get     via: '1.1 varnish',
107 silly registry.get     'last-modified': 'Wed, 08 Apr 2015 14:16:25 GMT',
107 silly registry.get     'cache-control': 'max-age=60',
107 silly registry.get     etag: '"17SOJMJBZN6ZDY6VZBV6B39JP"',
107 silly registry.get     age: '49',
107 silly registry.get     'x-served-by': 'cache-atl6234-ATL',
107 silly registry.get     'x-cache': 'HIT',
107 silly registry.get     'x-cache-hits': '3',
107 silly registry.get     'x-timer': 'S1428502633.017655,VS0,VE0',
107 silly registry.get     vary: 'Accept',
107 silly registry.get     'content-length': '0',
107 silly registry.get     'keep-alive': 'timeout=10, max=50',
107 silly registry.get     connection: 'Keep-Alive' } ]
108 verbose etag https://registry.npmjs.org/express from cache
109 http 404 https://registry.npmjs.org/method-overrride
110 verbose headers { date: 'Wed, 08 Apr 2015 14:17:13 GMT',
110 verbose headers   server: 'CouchDB/1.5.0 (Erlang OTP/R16B03)',
110 verbose headers   'content-type': 'application/json',
110 verbose headers   'cache-control': 'max-age=0',
110 verbose headers   'content-length': '51',
110 verbose headers   'accept-ranges': 'bytes',
110 verbose headers   via: '1.1 varnish',
110 verbose headers   age: '0',
110 verbose headers   'x-served-by': 'cache-atl6225-ATL',
110 verbose headers   'x-cache': 'MISS',
110 verbose headers   'x-cache-hits': '0',
110 verbose headers   'x-timer': 'S1428502632.996719,VS0,VE29',
110 verbose headers   'keep-alive': 'timeout=10, max=50',
110 verbose headers   connection: 'Keep-Alive' }
111 silly registry.get cb [ 404,
111 silly registry.get   { date: 'Wed, 08 Apr 2015 14:17:13 GMT',
111 silly registry.get     server: 'CouchDB/1.5.0 (Erlang OTP/R16B03)',
111 silly registry.get     'content-type': 'application/json',
111 silly registry.get     'cache-control': 'max-age=0',
111 silly registry.get     'content-length': '51',
111 silly registry.get     'accept-ranges': 'bytes',
111 silly registry.get     via: '1.1 varnish',
111 silly registry.get     age: '0',
111 silly registry.get     'x-served-by': 'cache-atl6225-ATL',
111 silly registry.get     'x-cache': 'MISS',
111 silly registry.get     'x-cache-hits': '0',
111 silly registry.get     'x-timer': 'S1428502632.996719,VS0,VE29',
111 silly registry.get     'keep-alive': 'timeout=10, max=50',
111 silly registry.get     connection: 'Keep-Alive' } ]
112 silly lockFile dc4f304e-method-overrride-2-1-2 method-overrride@~2.1.2
113 silly lockFile dc4f304e-method-overrride-2-1-2 method-overrride@~2.1.2
114 http 304 https://registry.npmjs.org/morgan
115 silly registry.get cb [ 304,
115 silly registry.get   { date: 'Wed, 08 Apr 2015 14:17:13 GMT',
115 silly registry.get     server: 'Apache',
115 silly registry.get     via: '1.1 varnish',
115 silly registry.get     'last-modified': 'Wed, 08 Apr 2015 14:17:11 GMT',
115 silly registry.get     'cache-control': 'max-age=60',
115 silly registry.get     etag: '"325GFNQEFFZCSU6C6XQB710I"',
115 silly registry.get     age: '5',
115 silly registry.get     'x-served-by': 'cache-atl6222-ATL',
115 silly registry.get     'x-cache': 'HIT',
115 silly registry.get     'x-cache-hits': '2',
115 silly registry.get     'x-timer': 'S1428502633.028516,VS0,VE0',
115 silly registry.get     vary: 'Accept',
115 silly registry.get     'content-length': '0',
115 silly registry.get     'keep-alive': 'timeout=10, max=50',
115 silly registry.get     connection: 'Keep-Alive' } ]
116 verbose etag https://registry.npmjs.org/morgan from cache
117 http 304 https://registry.npmjs.org/body-parser
118 silly registry.get cb [ 304,
118 silly registry.get   { date: 'Wed, 08 Apr 2015 14:17:13 GMT',
118 silly registry.get     server: 'Apache',
118 silly registry.get     via: '1.1 varnish',
118 silly registry.get     'last-modified': 'Wed, 08 Apr 2015 14:16:55 GMT',
118 silly registry.get     'cache-control': 'max-age=60',
118 silly registry.get     etag: '"6BZK1V92C82J9ZJBP2W2B169A"',
118 silly registry.get     age: '22',
118 silly registry.get     'x-served-by': 'cache-atl6234-ATL',
118 silly registry.get     'x-cache': 'HIT',
118 silly registry.get     'x-cache-hits': '3',
118 silly registry.get     'x-timer': 'S1428502633.027297,VS0,VE0',
118 silly registry.get     vary: 'Accept',
118 silly registry.get     'content-length': '0',
118 silly registry.get     'keep-alive': 'timeout=10, max=50',
118 silly registry.get     connection: 'Keep-Alive' } ]
119 verbose etag https://registry.npmjs.org/body-parser from cache
120 http 304 https://registry.npmjs.org/mongoose
121 silly registry.get cb [ 304,
121 silly registry.get   { date: 'Wed, 08 Apr 2015 14:17:13 GMT',
121 silly registry.get     server: 'Apache',
121 silly registry.get     via: '1.1 varnish',
121 silly registry.get     'last-modified': 'Wed, 08 Apr 2015 14:17:13 GMT',
121 silly registry.get     'cache-control': 'max-age=60',
121 silly registry.get     etag: '"8SNSV2L6E5NX61OCQNYSKATP8"',
121 silly registry.get     age: '42',
121 silly registry.get     'x-served-by': 'cache-atl6231-ATL',
121 silly registry.get     'x-cache': 'HIT',
121 silly registry.get     'x-cache-hits': '1',
121 silly registry.get     'x-timer': 'S1428502633.040086,VS0,VE7',
121 silly registry.get     vary: 'Accept',
121 silly registry.get     'content-length': '0',
121 silly registry.get     'keep-alive': 'timeout=10, max=50',
121 silly registry.get     connection: 'Keep-Alive' } ]
122 verbose etag https://registry.npmjs.org/mongoose from cache
123 silly addNameRange number 2 { name: 'morgan', range: '>=1.2.2-0 <1.3.0-0', hasData: true }
124 silly addNameRange versions [ 'morgan',
124 silly addNameRange   [ '1.0.0',
124 silly addNameRange     '1.0.1',
124 silly addNameRange     '1.1.0',
124 silly addNameRange     '1.1.1',
124 silly addNameRange     '1.2.0',
124 silly addNameRange     '1.2.1',
124 silly addNameRange     '1.2.2',
124 silly addNameRange     '1.2.3',
124 silly addNameRange     '1.3.0',
124 silly addNameRange     '1.3.1',
124 silly addNameRange     '1.3.2',
124 silly addNameRange     '1.4.0',
124 silly addNameRange     '1.4.1',
124 silly addNameRange     '1.5.0',
124 silly addNameRange     '1.5.1',
124 silly addNameRange     '1.5.2' ] ]
125 verbose addNamed [ 'morgan', '1.2.3' ]
126 verbose addNamed [ '1.2.3', '1.2.3' ]
127 silly lockFile 26ac1655-morgan-1-2-3 morgan@1.2.3
128 verbose lock morgan@1.2.3 C:\Users\habarbosa\AppData\Roaming\npm-cache\26ac1655-morgan-1-2-3.lock
129 silly addNameRange number 2 { name: 'express', range: '>=4.7.2-0 <4.8.0-0', hasData: true }
130 silly addNameRange versions [ 'express',
130 silly addNameRange   [ '0.14.0',
130 silly addNameRange     '0.14.1',
130 silly addNameRange     '1.0.0',
130 silly addNameRange     '1.0.1',
130 silly addNameRange     '1.0.2',
130 silly addNameRange     '1.0.3',
130 silly addNameRange     '1.0.4',
130 silly addNameRange     '1.0.5',
130 silly addNameRange     '1.0.6',
130 silly addNameRange     '1.0.7',
130 silly addNameRange     '1.0.8',
130 silly addNameRange     '2.0.0',
130 silly addNameRange     '2.1.0',
130 silly addNameRange     '2.1.1',
130 silly addNameRange     '2.2.0',
130 silly addNameRange     '2.2.1',
130 silly addNameRange     '2.2.2',
130 silly addNameRange     '2.3.0',
130 silly addNameRange     '2.3.1',
130 silly addNameRange     '2.3.2',
130 silly addNameRange     '2.3.3',
130 silly addNameRange     '2.3.4',
130 silly addNameRange     '2.3.5',
130 silly addNameRange     '2.3.6',
130 silly addNameRange     '2.3.7',
130 silly addNameRange     '2.3.8',
130 silly addNameRange     '2.3.9',
130 silly addNameRange     '2.3.10',
130 silly addNameRange     '2.3.11',
130 silly addNameRange     '2.3.12',
130 silly addNameRange     '2.4.0',
130 silly addNameRange     '2.4.1',
130 silly addNameRange     '2.4.2',
130 silly addNameRange     '2.4.3',
130 silly addNameRange     '2.4.4',
130 silly addNameRange     '2.4.5',
130 silly addNameRange     '2.4.6',
130 silly addNameRange     '2.4.7',
130 silly addNameRange     '2.5.0',
130 silly addNameRange     '2.5.1',
130 silly addNameRange     '2.5.2',
130 silly addNameRange     '2.5.3',
130 silly addNameRange     '2.5.4',
130 silly addNameRange     '2.5.5',
130 silly addNameRange     '2.5.6',
130 silly addNameRange     '2.5.7',
130 silly addNameRange     '2.5.8',
130 silly addNameRange     '2.5.9',
130 silly addNameRange     '2.5.10',
130 silly addNameRange     '2.5.11',
130 silly addNameRange     '3.0.0',
130 silly addNameRange     '3.0.1',
130 silly addNameRange     '3.0.2',
130 silly addNameRange     '3.0.3',
130 silly addNameRange     '3.0.4',
130 silly addNameRange     '3.0.5',
130 silly addNameRange     '3.0.6',
130 silly addNameRange     '3.1.0',
130 silly addNameRange     '3.1.1',
130 silly addNameRange     '3.1.2',
130 silly addNameRange     '3.2.0',
130 silly addNameRange     '3.2.1',
130 silly addNameRange     '3.2.2',
130 silly addNameRange     '3.2.3',
130 silly addNameRange     '3.2.4',
130 silly addNameRange     '3.2.5',
130 silly addNameRange     '3.2.6',
130 silly addNameRange     '3.3.0',
130 silly addNameRange     '3.3.1',
130 silly addNameRange     '3.3.2',
130 silly addNameRange     '3.3.3',
130 silly addNameRange     '3.3.4',
130 silly addNameRange     '3.3.5',
130 silly addNameRange     '3.3.6',
130 silly addNameRange     '1.0.0-beta',
130 silly addNameRange     '1.0.0-beta2',
130 silly addNameRange     '1.0.0-rc',
130 silly addNameRange     '1.0.0-rc2',
130 silly addNameRange     '1.0.0-rc3',
130 silly addNameRange     '1.0.0-rc4',
130 silly addNameRange     '2.0.0-beta',
130 silly addNameRange     '2.0.0-beta2',
130 silly addNameRange     '2.0.0-beta3',
130 silly addNameRange     '2.0.0-rc',
130 silly addNameRange     '2.0.0-rc2',
130 silly addNameRange     '2.0.0-rc3',
130 silly addNameRange     '3.0.0-alpha1',
130 silly addNameRange     '3.0.0-alpha2',
130 silly addNameRange     '3.0.0-alpha3',
130 silly addNameRange     '3.0.0-alpha4',
130 silly addNameRange     '3.0.0-alpha5',
130 silly addNameRange     '3.0.0-beta1',
130 silly addNameRange     '3.0.0-beta2',
130 silly addNameRange     '3.0.0-beta3',
130 silly addNameRange     '3.0.0-beta4',
130 silly addNameRange     '3.0.0-beta6',
130 silly addNameRange     '3.0.0-beta7',
130 silly addNameRange     '3.0.0-rc1',
130 silly addNameRange     '3.0.0-rc2',
130 silly addNameRange     '3.0.0-rc3',
130 silly addNameRange     '3.0.0-rc4',
130 silly addNameRange     '3.0.0-rc5',
130 silly addNameRange     '3.3.7',
130 silly addNameRange     '3.3.8',
130 silly addNameRange     '3.4.0',
130 silly addNameRange     '3.4.1',
130 silly addNameRange     '3.4.2',
130 silly addNameRange     '3.4.3',
130 silly addNameRange     '3.4.4',
130 silly addNameRange     '3.4.5',
130 silly addNameRange     '3.4.6',
130 silly addNameRange     '3.4.7',
130 silly addNameRange     '3.4.8',
130 silly addNameRange     '4.0.0-rc1',
130 silly addNameRange     '4.0.0-rc2',
130 silly addNameRange     '3.5.0',
130 silly addNameRange     '4.0.0-rc3',
130 silly addNameRange     '4.0.0-rc4',
130 silly addNameRange     '3.5.1',
130 silly addNameRange     '4.0.0',
130 silly addNameRange     '3.5.2',
130 silly addNameRange     '4.1.0',
130 silly addNameRange     '4.1.1',
130 silly addNameRange     '3.5.3',
130 silly addNameRange     '4.1.2',
130 silly addNameRange     '3.6.0',
130 silly addNameRange     '4.2.0',
130 silly addNameRange     '3.7.0',
130 silly addNameRange     '3.8.0',
130 silly addNameRange     '4.3.0',
130 silly addNameRange     '4.3.1',
130 silly addNameRange     '3.8.1',
130 silly addNameRange     '4.3.2',
130 silly addNameRange     '3.9.0',
130 silly addNameRange     '4.4.0',
130 silly addNameRange     '4.4.1',
130 silly addNameRange     '3.10.0',
130 silly addNameRange     '3.10.1',
130 silly addNameRange     '3.10.2',
130 silly addNameRange     '3.10.3',
130 silly addNameRange     '3.10.4',
130 silly addNameRange     '4.4.2',
130 silly addNameRange     '3.10.5',
130 silly addNameRange     '4.4.3',
130 silly addNameRange     '3.11.0',
130 silly addNameRange     '4.4.4',
130 silly addNameRange     '3.12.0',
130 silly addNameRange     '3.12.1',
130 silly addNameRange     '4.4.5',
130 silly addNameRange     '3.13.0',
130 silly addNameRange     '4.5.0',
130 silly addNameRange     '4.5.1',
130 silly addNameRange     '3.14.0',
130 silly addNameRange     '4.6.0',
130 silly addNameRange     '4.6.1',
130 silly addNameRange     '3.15.0',
130 silly addNameRange     '4.7.0',
130 silly addNameRange     '3.15.1',
130 silly addNameRange     '4.7.1',
130 silly addNameRange     '3.15.2',
130 silly addNameRange     '4.7.2',
130 silly addNameRange     '4.7.3',
130 silly addNameRange     '3.15.3',
130 silly addNameRange     '4.7.4',
130 silly addNameRange     '3.16.0',
130 silly addNameRange     '4.8.0',
130 silly addNameRange     '3.16.1',
130 silly addNameRange     '4.8.1',
130 silly addNameRange     '3.16.2',
130 silly addNameRange     '4.8.2',
130 silly addNameRange     '3.16.3',
130 silly addNameRange     '3.16.4',
130 silly addNameRange     '4.8.3',
130 silly addNameRange     '3.16.5',
130 silly addNameRange     '3.16.6',
130 silly addNameRange     '4.8.4',
130 silly addNameRange     '3.16.7',
130 silly addNameRange     '4.8.5',
130 silly addNameRange     '3.16.8',
130 silly addNameRange     '4.8.6',
130 silly addNameRange     '3.16.9',
130 silly addNameRange     '4.8.7',
130 silly addNameRange     '3.16.10',
130 silly addNameRange     '4.8.8',
130 silly addNameRange     '3.17.0',
130 silly addNameRange     '3.17.1',
130 silly addNameRange     '4.9.0',
130 silly addNameRange     '3.17.2',
130 silly addNameRange     '4.9.1',
130 silly addNameRange     '4.9.2',
130 silly addNameRange     '3.17.3',
130 silly addNameRange     '4.9.3',
130 silly addNameRange     '3.17.4',
130 silly addNameRange     '4.9.4',
130 silly addNameRange     '3.17.5',
130 silly addNameRange     '4.9.5',
130 silly addNameRange     '3.17.6',
130 silly addNameRange     '3.17.7',
130 silly addNameRange     '4.9.6',
130 silly addNameRange     '4.9.7',
130 silly addNameRange     '3.17.8',
130 silly addNameRange     '4.9.8',
130 silly addNameRange     '3.18.0',
130 silly addNameRange     '3.18.1',
130 silly addNameRange     '4.10.0',
130 silly addNameRange     '3.18.2',
130 silly addNameRange     '4.10.1',
130 silly addNameRange     '5.0.0-alpha.1',
130 silly addNameRange     '3.18.3',
130 silly addNameRange     '4.10.2',
130 silly addNameRange     '3.18.4',
130 silly addNameRange     '4.10.3',
130 silly addNameRange     '4.10.4',
130 silly addNameRange     '4.10.5',
130 silly addNameRange     '3.18.5',
130 silly addNameRange     '3.18.6',
130 silly addNameRange     '4.10.6',
130 silly addNameRange     '4.10.7',
130 silly addNameRange     '3.19.0',
130 silly addNameRange     '4.10.8',
130 silly addNameRange     '4.11.0',
130 silly addNameRange     '3.19.1',
130 silly addNameRange     '4.11.1',
130 silly addNameRange     '3.19.2',
130 silly addNameRange     '4.11.2',
130 silly addNameRange     '3.20.0',
130 silly addNameRange     '4.12.0',
130 silly addNameRange     '3.20.1',
130 silly addNameRange     '4.12.1',
130 silly addNameRange     '4.12.2',
130 silly addNameRange     '3.20.2',
130 silly addNameRange     '4.12.3' ] ]
131 verbose addNamed [ 'express', '4.7.4' ]
132 verbose addNamed [ '4.7.4', '4.7.4' ]
133 silly lockFile 70e7f37f-express-4-7-4 express@4.7.4
134 verbose lock express@4.7.4 C:\Users\habarbosa\AppData\Roaming\npm-cache\70e7f37f-express-4-7-4.lock
135 silly addNameRange number 2 { name: 'body-parser',
135 silly addNameRange   range: '>=1.5.2-0 <1.6.0-0',
135 silly addNameRange   hasData: true }
136 silly addNameRange versions [ 'body-parser',
136 silly addNameRange   [ '1.0.0',
136 silly addNameRange     '1.0.1',
136 silly addNameRange     '1.0.2',
136 silly addNameRange     '1.1.0',
136 silly addNameRange     '1.1.1',
136 silly addNameRange     '1.1.2',
136 silly addNameRange     '1.2.0',
136 silly addNameRange     '1.2.1',
136 silly addNameRange     '1.2.2',
136 silly addNameRange     '1.3.0',
136 silly addNameRange     '1.3.1',
136 silly addNameRange     '1.4.0',
136 silly addNameRange     '1.4.1',
136 silly addNameRange     '1.4.2',
136 silly addNameRange     '1.4.3',
136 silly addNameRange     '1.5.0',
136 silly addNameRange     '1.5.1',
136 silly addNameRange     '1.5.2',
136 silly addNameRange     '1.6.0',
136 silly addNameRange     '1.6.1',
136 silly addNameRange     '1.6.2',
136 silly addNameRange     '1.6.3',
136 silly addNameRange     '1.6.4',
136 silly addNameRange     '1.6.5',
136 silly addNameRange     '1.6.6',
136 silly addNameRange     '1.6.7',
136 silly addNameRange     '1.7.0',
136 silly addNameRange     '1.8.0',
136 silly addNameRange     '1.8.1',
136 silly addNameRange     '1.8.2',
136 silly addNameRange     '1.8.3',
136 silly addNameRange     '1.8.4',
136 silly addNameRange     '1.9.0',
136 silly addNameRange     '1.9.1',
136 silly addNameRange     '1.9.2',
136 silly addNameRange     '1.9.3',
136 silly addNameRange     '1.10.0',
136 silly addNameRange     '1.10.1',
136 silly addNameRange     '1.10.2',
136 silly addNameRange     '1.11.0',
136 silly addNameRange     '1.12.0',
136 silly addNameRange     '1.12.1',
136 silly addNameRange     '1.12.2' ] ]
137 verbose addNamed [ 'body-parser', '1.5.2' ]
138 verbose addNamed [ '1.5.2', '1.5.2' ]
139 silly lockFile 5f60d091-body-parser-1-5-2 body-parser@1.5.2
140 verbose lock body-parser@1.5.2 C:\Users\habarbosa\AppData\Roaming\npm-cache\5f60d091-body-parser-1-5-2.lock
141 silly lockFile 26ac1655-morgan-1-2-3 morgan@1.2.3
142 silly lockFile 26ac1655-morgan-1-2-3 morgan@1.2.3
143 silly lockFile 70e7f37f-express-4-7-4 express@4.7.4
144 silly lockFile 70e7f37f-express-4-7-4 express@4.7.4
145 silly lockFile 8a9f8c6a-morgan-1-2-2 morgan@~1.2.2
146 silly lockFile 8a9f8c6a-morgan-1-2-2 morgan@~1.2.2
147 silly addNameRange number 2 { name: 'mongoose', range: '>=3.6.2-0 <3.7.0-0', hasData: true }
148 silly addNameRange versions [ 'mongoose',
148 silly addNameRange   [ '0.0.1',
148 silly addNameRange     '0.0.2',
148 silly addNameRange     '0.0.3',
148 silly addNameRange     '0.0.4',
148 silly addNameRange     '0.0.5',
148 silly addNameRange     '1.0.0',
148 silly addNameRange     '1.0.1',
148 silly addNameRange     '1.0.2',
148 silly addNameRange     '0.0.6',
148 silly addNameRange     '1.0.3',
148 silly addNameRange     '1.0.4',
148 silly addNameRange     '1.0.5',
148 silly addNameRange     '1.0.6',
148 silly addNameRange     '1.0.7',
148 silly addNameRange     '1.0.8',
148 silly addNameRange     '1.0.10',
148 silly addNameRange     '1.0.11',
148 silly addNameRange     '1.0.12',
148 silly addNameRange     '1.0.13',
148 silly addNameRange     '1.0.14',
148 silly addNameRange     '1.0.15',
148 silly addNameRange     '1.0.16',
148 silly addNameRange     '1.1.0',
148 silly addNameRange     '1.1.1',
148 silly addNameRange     '1.1.2',
148 silly addNameRange     '1.1.3',
148 silly addNameRange     '1.1.4',
148 silly addNameRange     '1.1.5',
148 silly addNameRange     '1.1.6',
148 silly addNameRange     '1.1.7',
148 silly addNameRange     '1.1.8',
148 silly addNameRange     '1.1.9',
148 silly addNameRange     '1.1.10',
148 silly addNameRange     '1.1.11',
148 silly addNameRange     '1.1.12',
148 silly addNameRange     '1.1.13',
148 silly addNameRange     '1.1.14',
148 silly addNameRange     '1.1.15',
148 silly addNameRange     '1.1.16',
148 silly addNameRange     '1.1.17',
148 silly addNameRange     '1.1.18',
148 silly addNameRange     '1.1.19',
148 silly addNameRange     '1.1.20',
148 silly addNameRange     '1.1.21',
148 silly addNameRange     '1.1.22',
148 silly addNameRange     '1.1.23',
148 silly addNameRange     '1.1.24',
148 silly addNameRange     '1.1.25',
148 silly addNameRange     '1.2.0',
148 silly addNameRange     '1.3.0',
148 silly addNameRange     '1.3.1',
148 silly addNameRange     '1.3.2',
148 silly addNameRange     '1.3.3',
148 silly addNameRange     '1.3.4',
148 silly addNameRange     '1.3.5',
148 silly addNameRange     '1.3.6',
148 silly addNameRange     '1.3.7',
148 silly addNameRange     '1.4.0',
148 silly addNameRange     '1.5.0',
148 silly addNameRange     '1.6.0',
148 silly addNameRange     '1.7.2',
148 silly addNameRange     '1.7.3',
148 silly addNameRange     '1.7.4',
148 silly addNameRange     '1.8.0',
148 silly addNameRange     '1.8.1',
148 silly addNameRange     '1.8.2',
148 silly addNameRange     '1.8.3',
148 silly addNameRange     '1.8.4',
148 silly addNameRange     '2.0.0',
148 silly addNameRange     '2.0.1',
148 silly addNameRange     '2.0.2',
148 silly addNameRange     '2.0.3',
148 silly addNameRange     '2.0.4',
148 silly addNameRange     '2.1.0',
148 silly addNameRange     '2.1.1',
148 silly addNameRange     '2.1.2',
148 silly addNameRange     '2.1.3',
148 silly addNameRange     '2.1.4',
148 silly addNameRange     '2.2.0',
148 silly addNameRange     '2.2.1',
148 silly addNameRange     '2.2.2',
148 silly addNameRange     '2.2.3',
148 silly addNameRange     '2.2.4',
148 silly addNameRange     '2.3.0',
148 silly addNameRange     '2.3.1',
148 silly addNameRange     '2.3.2',
148 silly addNameRange     '2.3.3',
148 silly addNameRange     '2.3.4',
148 silly addNameRange     '2.3.5',
148 silly addNameRange     '2.3.6',
148 silly addNameRange     '2.3.7',
148 silly addNameRange     '2.3.8',
148 silly addNameRange     '2.3.9',
148 silly addNameRange     '2.3.10',
148 silly addNameRange     '2.3.11',
148 silly addNameRange     '2.3.12',
148 silly addNameRange     '2.3.13',
148 silly addNameRange     '2.4.0',
148 silly addNameRange     '2.4.1',
148 silly addNameRange     '2.4.2',
148 silly addNameRange     '2.4.3',
148 silly addNameRange     '2.4.4',
148 silly addNameRange     '2.4.5',
148 silly addNameRange     '2.4.6',
148 silly addNameRange     '2.4.7',
148 silly addNameRange     '2.4.8',
148 silly addNameRange     '2.4.9',
148 silly addNameRange     '2.4.10',
148 silly addNameRange     '2.5.0',
148 silly addNameRange     '2.5.1',
148 silly addNameRange     '2.5.2',
148 silly addNameRange     '2.5.3',
148 silly addNameRange     '2.5.4',
148 silly addNameRange     '2.5.5',
148 silly addNameRange     '2.5.6',
148 silly addNameRange     '2.5.7',
148 silly addNameRange     '2.5.8',
148 silly addNameRange     '2.5.9',
148 silly addNameRange     '2.5.10',
148 silly addNameRange     '2.5.11',
148 silly addNameRange     '2.5.12',
148 silly addNameRange     '2.5.13',
148 silly addNameRange     '2.5.14',
148 silly addNameRange     '2.6.0',
148 silly addNameRange     '2.6.1',
148 silly addNameRange     '2.6.2',
148 silly addNameRange     '2.6.3',
148 silly addNameRange     '2.6.4',
148 silly addNameRange     '2.6.5',
148 silly addNameRange     '2.6.6',
148 silly addNameRange     '2.6.7',
148 silly addNameRange     '2.6.8',
148 silly addNameRange     '2.7.0',
148 silly addNameRange     '2.7.1',
148 silly addNameRange     '2.7.2',
148 silly addNameRange     '2.7.4',
148 silly addNameRange     '2.7.3',
148 silly addNameRange     '3.0.0',
148 silly addNameRange     '3.0.1',
148 silly addNameRange     '3.0.2',
148 silly addNameRange     '2.8.0',
148 silly addNameRange     '3.0.3',
148 silly addNameRange     '3.1.0',
148 silly addNameRange     '2.8.1',
148 silly addNameRange     '3.1.1',
148 silly addNameRange     '2.8.2',
148 silly addNameRange     '2.8.3',
148 silly addNameRange     '2.9.0',
148 silly addNameRange     '3.2.0',
148 silly addNameRange     '2.9.1',
148 silly addNameRange     '3.2.1',
148 silly addNameRange     '2.9.2',
148 silly addNameRange     '3.2.2',
148 silly addNameRange     '3.3.0',
148 silly addNameRange     '3.3.1',
148 silly addNameRange     '2.9.3',
148 silly addNameRange     '3.4.0',
148 silly addNameRange     '2.9.4',
148 silly addNameRange     '2.9.5',
148 silly addNameRange     '3.5.0',
148 silly addNameRange     '3.5.1',
148 silly addNameRange     '3.5.2',
148 silly addNameRange     '3.5.3',
148 silly addNameRange     '2.9.6',
148 silly addNameRange     '2.9.7',
148 silly addNameRange     '3.5.4',
148 silly addNameRange     '3.5.5',
148 silly addNameRange     '2.9.8',
148 silly addNameRange     '2.9.9',
148 silly addNameRange     '3.5.6',
148 silly addNameRange     '3.5.7',
148 silly addNameRange     '3.5.8',
148 silly addNameRange     '2.9.10',
148 silly addNameRange     '3.5.9',
148 silly addNameRange     '3.6.2',
148 silly addNameRange     '3.5.10',
148 silly addNameRange     '3.6.3',
148 silly addNameRange     '3.5.11',
148 silly addNameRange     '3.6.4',
148 silly addNameRange     '3.6.5',
148 silly addNameRange     '3.6.6',
148 silly addNameRange     '3.6.7',
148 silly addNameRange     '3.5.12',
148 silly addNameRange     '3.6.8',
148 silly addNameRange     '3.6.9',
148 silly addNameRange     '3.6.10',
148 silly addNameRange     '3.5.13',
148 silly addNameRange     '3.5.14',
148 silly addNameRange     '3.6.11',
148 silly addNameRange     '3.6.12',
148 silly addNameRange     '3.6.13',
148 silly addNameRange     '3.6.14',
148 silly addNameRange     '3.6.15',
148 silly addNameRange     '3.5.15',
148 silly addNameRange     '3.7.0',
148 silly addNameRange     '3.6.16',
148 silly addNameRange     '3.5.16',
148 silly addNameRange     '3.6.17',
148 silly addNameRange     '3.7.2',
148 silly addNameRange     '3.0.0-alpha1',
148 silly addNameRange     '3.0.0-alpha2',
148 silly addNameRange     '3.0.0-rc0',
148 silly addNameRange     '3.6.0-rc0',
148 silly addNameRange     '3.6.0-rc1',
148 silly addNameRange     '3.6.18',
148 silly addNameRange     '3.7.3',
148 silly addNameRange     '3.6.19',
148 silly addNameRange     '3.6.20',
148 silly addNameRange     '3.7.4',
148 silly addNameRange     '3.8.0',
148 silly addNameRange     '3.8.1',
148 silly addNameRange     '3.8.2',
148 silly addNameRange     '3.8.3',
148 silly addNameRange     '3.8.4',
148 silly addNameRange     '3.8.5',
148 silly addNameRange     '3.8.6',
148 silly addNameRange     '3.8.7',
148 silly addNameRange     '3.8.8',
148 silly addNameRange     '3.8.9',
148 silly addNameRange     '3.8.10',
148 silly addNameRange     '3.8.11',
148 silly addNameRange     '3.9.0',
148 silly addNameRange     '3.8.12',
148 silly addNameRange     '3.8.13',
148 silly addNameRange     '3.8.14',
148 silly addNameRange     '3.8.15',
148 silly addNameRange     '3.9.1',
148 silly addNameRange     '3.8.16',
148 silly addNameRange     '3.9.2',
148 silly addNameRange     '3.8.17',
148 silly addNameRange     '3.9.3',
148 silly addNameRange     '3.8.18',
148 silly addNameRange     '3.9.4',
148 silly addNameRange     '3.8.19',
148 silly addNameRange     '3.9.5',
148 silly addNameRange     '3.8.20',
148 silly addNameRange     '3.9.6',
148 silly addNameRange     '3.8.21',
148 silly addNameRange     '3.9.7',
148 silly addNameRange     '3.8.22',
148 silly addNameRange     '4.0.0-rc0',
148 silly addNameRange     '4.0.0-rc1',
148 silly addNameRange     '3.8.23',
148 silly addNameRange     '4.0.0-rc2',
148 silly addNameRange     '3.8.24',
148 silly addNameRange     '4.0.0-rc3',
148 silly addNameRange     '3.8.25',
148 silly addNameRange     '4.0.0-rc4',
148 silly addNameRange     '4.0.0',
148 silly addNameRange     '4.0.1',
148 silly addNameRange     '3.8.26' ] ]
149 verbose addNamed [ 'mongoose', '3.6.20' ]
150 verbose addNamed [ '3.6.20', '3.6.20' ]
151 silly lockFile 9e27220e-mongoose-3-6-20 mongoose@3.6.20
152 verbose lock mongoose@3.6.20 C:\Users\habarbosa\AppData\Roaming\npm-cache\9e27220e-mongoose-3-6-20.lock
153 silly lockFile ef4e1f61-express-4-7-2 express@~4.7.2
154 silly lockFile ef4e1f61-express-4-7-2 express@~4.7.2
155 silly lockFile 5f60d091-body-parser-1-5-2 body-parser@1.5.2
156 silly lockFile 5f60d091-body-parser-1-5-2 body-parser@1.5.2
157 silly lockFile c3717280-body-parser-1-5-2 body-parser@~1.5.2
158 silly lockFile c3717280-body-parser-1-5-2 body-parser@~1.5.2
159 silly lockFile 9e27220e-mongoose-3-6-20 mongoose@3.6.20
160 silly lockFile 9e27220e-mongoose-3-6-20 mongoose@3.6.20
161 silly lockFile 96ad86c1-mongoose-3-6-2 mongoose@~3.6.2
162 silly lockFile 96ad86c1-mongoose-3-6-2 mongoose@~3.6.2
163 error 404 404 Not Found: method-overrride
163 error 404
163 error 404 'method-overrride' is not in the npm registry.
163 error 404 You should bug the author to publish it
163 error 404 It was specified as a dependency of 'node-todo'
163 error 404
163 error 404 Note that you can also install from a
163 error 404 tarball, folder, or http url, or git url.
164 error System Windows_NT 6.1.7601
165 error command "C:\\Program Files\\nodejs\\\\node.exe" "C:\\Program Files\\nodejs\\node_modules\\npm\\bin\\npm-cli.js" "install"
166 error cwd C:\Users\habarbosa\Documents\Coding\GitHub\helcioajr.github.io\MEAN-stack\single-page-todo-using-mean
167 error node -v v0.10.36
168 error npm -v 1.4.28
169 error code E404
170 verbose exit [ 1, true ]
